[debug] [2019-11-23T22:28:47.821Z] ----------------------------------------------------------------------
[debug] [2019-11-23T22:28:47.823Z] Command:       /usr/local/bin/node /usr/local/bin/firebase init
[debug] [2019-11-23T22:28:47.823Z] CLI Version:   7.8.1
[debug] [2019-11-23T22:28:47.823Z] Platform:      linux
[debug] [2019-11-23T22:28:47.823Z] Node Version:  v10.15.3
[debug] [2019-11-23T22:28:47.823Z] Time:          Sat Nov 23 2019 17:28:47 GMT-0500 (Cuba Standard Time)
[debug] [2019-11-23T22:28:47.823Z] ----------------------------------------------------------------------
[debug] [2019-11-23T22:28:47.823Z] 
[debug] [2019-11-23T22:28:47.828Z] > command requires scopes: ["email","openid","https://www.googleapis.com/auth/cloudplatformprojects.readonly","https://www.googleapis.com/auth/firebase","https://www.googleapis.com/auth/cloud-platform"]
[debug] [2019-11-23T22:28:47.829Z] > authorizing via signed-in user
[info] 
     ######## #### ########  ######## ########     ###     ######  ########
     ##        ##  ##     ## ##       ##     ##  ##   ##  ##       ##
     ######    ##  ########  ######   ########  #########  ######  ######
     ##        ##  ##    ##  ##       ##     ## ##     ##       ## ##
     ##       #### ##     ## ######## ########  ##     ##  ######  ########

You're about to initialize a Firebase project in this directory:

  /var/www/html/new challenge/test-movie

Before we get started, keep in mind:

  * You are currently outside your home directory

[info] 
=== Project Setup
[info] 
[info] First, let's associate this project directory with a Firebase project.
[info] You can create multiple project aliases by running firebase use --add, 
[info] but for now we'll just set up a default project.
[info] 
[info] i  If you want to create a project in a Google Cloud organization or folder, please use "firebase projects:create" instead, and return to this command when you've created the project.
[debug] [2019-11-23T22:29:25.433Z] >>> HTTP REQUEST POST https://cloudresourcemanager.googleapis.com/v1/projects  

[debug] [2019-11-23T22:29:29.560Z] <<< HTTP RESPONSE 409
[debug] [2019-11-23T22:29:29.560Z] <<< HTTP RESPONSE BODY
[debug] [2019-11-23T22:29:29.566Z] HTTP Error: 409, Requested entity already exists
[debug] [2019-11-23T22:29:31.709Z] FirebaseError: HTTP Error: 409, Requested entity already exists
    at module.exports (/usr/local/lib/node_modules/firebase-tools/lib/responseToError.js:38:12)
    at Request._callback (/usr/local/lib/node_modules/firebase-tools/lib/api.js:39:35)
    at Request.self.callback (/usr/local/lib/node_modules/firebase-tools/node_modules/request/request.js:185:22)
    at Request.emit (events.js:189:13)
    at Request.EventEmitter.emit (domain.js:441:20)
    at Request.<anonymous> (/usr/local/lib/node_modules/firebase-tools/node_modules/request/request.js:1161:10)
    at Request.emit (events.js:189:13)
    at Request.EventEmitter.emit (domain.js:441:20)
    at IncomingMessage.<anonymous> (/usr/local/lib/node_modules/firebase-tools/node_modules/request/request.js:1083:12)
    at Object.onceWrapper (events.js:277:13)
    at IncomingMessage.emit (events.js:194:15)
    at IncomingMessage.EventEmitter.emit (domain.js:441:20)
    at endReadableNT (_stream_readable.js:1125:12)
    at process._tickCallback (internal/process/next_tick.js:63:19)
[error] 
[error] Error: Failed to create Google Cloud project. See firebase-debug.log for more info.
